2017-10-30 20:55:25	<?xml version="1.0" encoding="utf-8" ?><error_response><code>15</code><msg>Remote service error</msg><sub_code>isv.BUSINESS_LIMIT_CONTROL</sub_code><sub_msg>触发分钟级流控Permits:1</sub_msg><request_id>2lv5895273gv</request_id></error_response><!--top011250152103.eu13-->
2017-10-30 22:44:08	<?xml version="1.0" encoding="utf-8" ?><error_response><code>15</code><msg>Remote service error</msg><sub_code>isv.SMS_SIGNATURE_ILLEGAL</sub_code><sub_msg>短信签名不合法</sub_msg><request_id>zqcg18mc47bu</request_id></error_response><!--top010178040150.n.et2-->
2017-10-30 22:44:08	<?xml version="1.0" encoding="utf-8" ?><error_response><code>15</code><msg>Remote service error</msg><sub_code>isv.SMS_SIGNATURE_ILLEGAL</sub_code><sub_msg>短信签名不合法</sub_msg><request_id>z2bqdh18s79s</request_id></error_response><!--top010178001150.n.et2-->
2017-10-30 22:53:02	<?xml version="1.0" encoding="utf-8" ?><error_response><code>15</code><msg>Remote service error</msg><sub_code>isv.SMS_SIGNATURE_ILLEGAL</sub_code><sub_msg>短信签名不合法</sub_msg><request_id>3j408y02e1f4</request_id></error_response><!--top011250206098.eu13-->
2017-10-30 22:53:55	<?xml version="1.0" encoding="utf-8" ?><error_response><code>15</code><msg>Remote service error</msg><sub_code>isv.SMS_SIGNATURE_ILLEGAL</sub_code><sub_msg>短信签名不合法</sub_msg><request_id>13ozsxb8nfjxj</request_id></error_response><!--top010179016051.n.et2-->
2017-10-30 22:55:31	<?xml version="1.0" encoding="utf-8" ?><error_response><code>15</code><msg>Remote service error</msg><sub_code>isv.SMS_SIGNATURE_ILLEGAL</sub_code><sub_msg>短信签名不合法</sub_msg><request_id>rp98cu5r4k4i</request_id></error_response><!--top010176083052.n.et2-->
2017-10-30 22:56:22	<?xml version="1.0" encoding="utf-8" ?><error_response><code>15</code><msg>Remote service error</msg><sub_code>isv.SMS_SIGNATURE_ILLEGAL</sub_code><sub_msg>短信签名不合法</sub_msg><request_id>iv0njed1xre5</request_id></error_response><!--top010184078126.et2-->
2017-10-30 22:56:42	<?xml version="1.0" encoding="utf-8" ?><error_response><code>15</code><msg>Remote service error</msg><sub_code>isv.SMS_SIGNATURE_ILLEGAL</sub_code><sub_msg>短信签名不合法</sub_msg><request_id>11ieip49yg1pu</request_id></error_response><!--top010178144152.n.et2-->
2017-10-30 22:56:58	<?xml version="1.0" encoding="utf-8" ?><error_response><code>15</code><msg>Remote service error</msg><sub_code>isv.SMS_SIGNATURE_ILLEGAL</sub_code><sub_msg>短信签名不合法</sub_msg><request_id>rxvn3ty6stfh</request_id></error_response><!--top011186097052.eu13-->
2017-10-30 22:57:23	<?xml version="1.0" encoding="utf-8" ?><error_response><code>15</code><msg>Remote service error</msg><sub_code>isv.SMS_SIGNATURE_ILLEGAL</sub_code><sub_msg>短信签名不合法</sub_msg><request_id>ztasvsk0p0ig</request_id></error_response><!--top010178045098.n.et2-->
2017-10-30 22:57:57	<?xml version="1.0" encoding="utf-8" ?><error_response><code>15</code><msg>Remote service error</msg><sub_code>isv.SMS_SIGNATURE_ILLEGAL</sub_code><sub_msg>短信签名不合法</sub_msg><request_id>iv0hawo2imyg</request_id></error_response><!--top010184078124.et2-->
2017-10-30 23:00:39	<?xml version="1.0" encoding="utf-8" ?><error_response><code>15</code><msg>Remote service error</msg><sub_code>isv.SMS_SIGNATURE_ILLEGAL</sub_code><sub_msg>短信签名不合法</sub_msg><request_id>2lv58cobhp45</request_id></error_response><!--top011250152103.eu13-->
2017-10-30 23:02:57	<?xml version="1.0" encoding="utf-8" ?><error_response><code>15</code><msg>Remote service error</msg><sub_code>isv.SMS_SIGNATURE_ILLEGAL</sub_code><sub_msg>短信签名不合法</sub_msg><request_id>14pdfioxh0p1s</request_id></error_response><!--top010179075068.s.et2-->
2017-10-30 23:03:01	<?xml version="1.0" encoding="utf-8" ?><error_response><code>15</code><msg>Remote service error</msg><sub_code>isv.SMS_SIGNATURE_ILLEGAL</sub_code><sub_msg>短信签名不合法</sub_msg><request_id>14sqc6mjkp1yx</request_id></error_response><!--top010179080184.s.et2-->
2017-10-30 23:04:26	<?xml version="1.0" encoding="utf-8" ?><error_response><code>15</code><msg>Remote service error</msg><sub_code>isv.SMS_SIGNATURE_ILLEGAL</sub_code><sub_msg>短信签名不合法</sub_msg><request_id>15cndqbxfpvpc</request_id></error_response><!--top011179113015.center.et2-->
2017-10-30 23:04:32	<?xml version="1.0" encoding="utf-8" ?><error_response><code>15</code><msg>Remote service error</msg><sub_code>isv.SMS_SIGNATURE_ILLEGAL</sub_code><sub_msg>短信签名不合法</sub_msg><request_id>3b55kz1gn1um</request_id></error_response><!--top011250193114.eu13-->
2017-10-30 23:17:38	<?xml version="1.0" encoding="utf-8" ?><error_response><code>15</code><msg>Remote service error</msg><sub_code>isv.MOBILE_NUMBER_ILLEGAL</sub_code><sub_msg>号码格式错误</sub_msg><request_id>yfd1j05rlp5</request_id></error_response><!--top011250055229.eu13-->
2017-10-30 23:50:11	<?xml version="1.0" encoding="utf-8" ?><error_response><code>15</code><msg>Remote service error</msg><sub_code>isv.BUSINESS_LIMIT_CONTROL</sub_code><sub_msg>触发小时级流控Permits:5</sub_msg><request_id>10fcr6bdfmg3v</request_id></error_response><!--top010178081049.n.et2-->
2017-10-30 23:51:27	<?xml version="1.0" encoding="utf-8" ?><error_response><code>15</code><msg>Remote service error</msg><sub_code>isv.BUSINESS_LIMIT_CONTROL</sub_code><sub_msg>触发小时级流控Permits:5</sub_msg><request_id>epvpiwxrtyl5</request_id></error_response><!--top011183092088.eu13-->
2017-10-30 23:51:47	<?xml version="1.0" encoding="utf-8" ?><error_response><code>15</code><msg>Remote service error</msg><sub_code>isv.BUSINESS_LIMIT_CONTROL</sub_code><sub_msg>触发小时级流控Permits:5</sub_msg><request_id>16ntml7gz92cp</request_id></error_response><!--top011229189167.center.et2-->
2017-10-30 23:53:21	<?xml version="1.0" encoding="utf-8" ?><error_response><code>15</code><msg>Remote service error</msg><sub_code>isv.BUSINESS_LIMIT_CONTROL</sub_code><sub_msg>触发小时级流控Permits:5</sub_msg><request_id>12kbejpyecvtt</request_id></error_response><!--top010178206039.n.et2-->
2017-10-30 23:54:13	<?xml version="1.0" encoding="utf-8" ?><error_response><code>15</code><msg>Remote service error</msg><sub_code>isv.BUSINESS_LIMIT_CONTROL</sub_code><sub_msg>触发小时级流控Permits:5</sub_msg><request_id>qnok52bcwud7</request_id></error_response><!--top011186022050.center.eu13-->
2017-10-30 23:55:26	<?xml version="1.0" encoding="utf-8" ?><error_response><code>15</code><msg>Remote service error</msg><sub_code>isv.BUSINESS_LIMIT_CONTROL</sub_code><sub_msg>触发小时级流控Permits:5</sub_msg><request_id>nid8gzzgtcfn</request_id></error_response><!--top011175094054.center.eu13-->
2017-10-30 23:59:17	<?xml version="1.0" encoding="utf-8" ?><error_response><code>15</code><msg>Remote service error</msg><sub_code>isv.BUSINESS_LIMIT_CONTROL</sub_code><sub_msg>触发小时级流控Permits:5</sub_msg><request_id>s77ff26d3f92</request_id></error_response><!--top011186112089.eu13-->
